<?xml version="1.0" encoding="UTF-8"?>
<!-- Generated by org.testng.reporters.JUnitReportReporter -->
<testsuite hostname="LAPTOP-DPJG76EM" failures="0" tests="5" name="testCases.PF1_RegistrationTest" time="4.826" errors="0" timestamp="2024-11-06T15:36:32 IST" skipped="0">
  <testcase classname="testCases.PF1_RegistrationTest" name="VerifyRegistration_button" time="0.974"/>
  <testcase classname="testCases.PF1_RegistrationTest" name="VerifyRegistration_PrivacyWarning" time="0.663"/>
  <testcase classname="testCases.PF1_RegistrationTest" name="VerifyRegistration_Name_emailWarning" time="0.104"/>
  <testcase classname="testCases.PF1_RegistrationTest" name="VerifyRegisterAccountWithAllFields" time="2.237"/>
  <testcase classname="testCases.PF1_RegistrationTest" name="VerifyLogOut" time="0.848"/>
</testsuite> <!-- testCases.PF1_RegistrationTest -->
