<?xml version="1.0" encoding="UTF-8"?>
<!-- Generated by org.testng.reporters.JUnitReportReporter -->
<testsuite hostname="LAPTOP-DPJG76EM" failures="0" tests="4" name="testCases.PF1_LoginTest" time="40.079" errors="0" timestamp="2024-11-06T15:36:32 IST" skipped="0">
  <testcase classname="testCases.PF1_LoginTest" name="verifyLoginWithInvalidCredentials" time="10.138"/>
  <testcase classname="testCases.PF1_LoginTest" name="verifyLoginWithValidCredentials" time="10.470"/>
  <testcase classname="testCases.PF1_LoginTest" name="verifyLoginWithValidCredentials" time="12.263"/>
  <testcase classname="testCases.PF1_LoginTest" name="verifyLoginWithValidCredentials" time="7.208"/>
</testsuite> <!-- testCases.PF1_LoginTest -->
