<?xml version="1.0" encoding="UTF-8"?>
<!-- Generated by org.testng.reporters.JUnitReportReporter -->
<testsuite hostname="LAPTOP-DPJG76EM" failures="0" tests="5" name="testCases.PF1_RegistrationTest" time="5.979" errors="0" timestamp="2024-10-10T21:33:39 IST" skipped="0">
  <testcase classname="testCases.PF1_RegistrationTest" name="VerifyRegistration_button" time="0.780"/>
  <testcase classname="testCases.PF1_RegistrationTest" name="VerifyRegistration_PrivacyWarning" time="0.201"/>
  <testcase classname="testCases.PF1_RegistrationTest" name="VerifyRegistration_Name_emailWarning" time="0.345"/>
  <testcase classname="testCases.PF1_RegistrationTest" name="VerifyRegisterAccountWithAllFields" time="3.431"/>
  <testcase classname="testCases.PF1_RegistrationTest" name="VerifyLogOut" time="1.222"/>
</testsuite> <!-- testCases.PF1_RegistrationTest -->
