<?xml version="1.0" encoding="UTF-8"?>
<!-- Generated by org.testng.reporters.JUnitReportReporter -->
<testsuite hostname="LAPTOP-DPJG76EM" failures="0" tests="4" name="testCases.PF1_LoginTest" time="12.130" errors="0" timestamp="2024-10-10T21:33:39 IST" skipped="0">
  <testcase classname="testCases.PF1_LoginTest" name="verifyLoginWithInvalidCredentials" time="2.814"/>
  <testcase classname="testCases.PF1_LoginTest" name="verifyLoginWithValidCredentials" time="2.995"/>
  <testcase classname="testCases.PF1_LoginTest" name="verifyLoginWithValidCredentials" time="2.850"/>
  <testcase classname="testCases.PF1_LoginTest" name="verifyLoginWithValidCredentials" time="3.471"/>
</testsuite> <!-- testCases.PF1_LoginTest -->
